process              : 0399133a-6d5d-4fb0-9029-d240c8e07763
host                 : alko-home
port                 : 1562
pid                  : 3656435
is-enable            : yes
running              : yes
started-at           : 2026-02-23T04:13:12
use                  : used
available-perfomance : 100
capacity             : 1000
connections          : 4
memory-size          : 353220
memory-excess-time   : 0
selection-size       : 29289
avg-call-time        : 0.008
avg-db-call-time     : 0.002
avg-lock-call-time   : 0.003
avg-server-call-time : 0.004
avg-threads          : 0.001
reserve              : no

