connection : 00000000-0000-0000-0000-000000000000
session    : 00000000-0000-0000-0000-000000000000
object     : 00000000-0000-0000-0000-000000000000
locked     : 2026-02-26T03:32:21
descr      : "Менеджер кластера(alko-home,1541,0)"

connection : 00000000-0000-0000-0000-000000000000
session    : 00000000-0000-0000-0000-000000000000
object     : 00000000-0000-0000-0000-000000000000
locked     : 2026-02-26T03:32:24
descr      : "Рабочий процесс(alko-home,1560,0)"

connection : 2aa589c5-77ba-4d90-b706-8e9d88063049
session    : 00000000-0000-0000-0000-000000000000
object     : 00000000-0000-0000-0000-000000000000
locked     : 2026-02-26T04:05:32
descr      : "Соединение(##AdminProcess##,alko-home,RAS,(yaxunit,5))"

connection : 2bc16245-a833-41b1-8981-c82b2e5cc6b5
session    : 00000000-0000-0000-0000-000000000000
object     : 00000000-0000-0000-0000-000000000000
locked     : 2026-02-26T03:32:26
descr      : "Соединение(ServerJobExecutorContext,alko-home,AgentStandardCall)"

