connection : 00000000-0000-0000-0000-000000000000
session    : 00000000-0000-0000-0000-000000000000
object     : 00000000-0000-0000-0000-000000000000
locked     : 2026-02-26T03:32:21
descr      : "Менеджер кластера(alko-home,1541,0)"

connection : 00000000-0000-0000-0000-000000000000
session    : 00000000-0000-0000-0000-000000000000
object     : 00000000-0000-0000-0000-000000000000
locked     : 2026-02-26T03:32:24
descr      : "Рабочий процесс(alko-home,1560,0)"

connection : 97fa9f69-bc51-4b02-8eed-4b78857f59f9
session    : 00000000-0000-0000-0000-000000000000
object     : 00000000-0000-0000-0000-000000000000
locked     : 2026-02-26T04:12:48
descr      : "Соединение(yaxunit,alko-home,1CV8C,(yaxunit,7))"

connection : 94deec1c-184e-4252-b1b7-7e84f4077b94
session    : 00000000-0000-0000-0000-000000000000
object     : 00000000-0000-0000-0000-000000000000
locked     : 2026-02-26T04:12:48
descr      : "Соединение(yaxunit,alko-home,1CV8C)"

connection : c63d3bd9-bae8-49ac-8b35-c5e78f4ce721
session    : 00000000-0000-0000-0000-000000000000
object     : 00000000-0000-0000-0000-000000000000
locked     : 2026-02-26T04:12:33
descr      : "Соединение(yaxunit,alko-home,JobScheduler)"

connection : 86dc74bb-b7be-48b4-87b1-22f351ec9852
session    : 00000000-0000-0000-0000-000000000000
object     : 00000000-0000-0000-0000-000000000000
locked     : 2026-02-26T04:12:48
descr      : "Соединение(yaxunit,alko-home,1CV8C)"

connection : e942f0e3-9956-4025-b4aa-49aae1431af8
session    : 00000000-0000-0000-0000-000000000000
object     : 00000000-0000-0000-0000-000000000000
locked     : 2026-02-26T04:12:31
descr      : "Соединение(yaxunit,alko-home,Designer,(yaxunit,6))"

connection : 2bc16245-a833-41b1-8981-c82b2e5cc6b5
session    : 00000000-0000-0000-0000-000000000000
object     : 00000000-0000-0000-0000-000000000000
locked     : 2026-02-26T03:32:26
descr      : "Соединение(ServerJobExecutorContext,alko-home,AgentStandardCall)"

connection : 97fa9f69-bc51-4b02-8eed-4b78857f59f9
session    : 00000000-0000-0000-0000-000000000000
object     : 00000000-0000-0000-0000-000000000000
locked     : 2026-02-26T04:12:48
descr      : "ИБ(соединение ,yaxunit,разделяемая)"

connection : 00000000-0000-0000-0000-000000000000
session    : bc9e8fae-32f1-4e90-94cc-4312e65cc07d
object     : 00000000-0000-0000-0000-000000000000
locked     : 2026-02-26T04:12:32
descr      : "Конфигуратор(yaxunit)"

connection : 00000000-0000-0000-0000-000000000000
session    : bc9e8fae-32f1-4e90-94cc-4312e65cc07d
object     : 00000000-0000-0000-0000-000000000000
locked     : 2026-02-26T04:12:32
descr      : "ИБ(сеанс ,yaxunit,разделяемая)"

connection : 00000000-0000-0000-0000-000000000000
session    : bc9e8fae-32f1-4e90-94cc-4312e65cc07d
object     : c5929c60-24f8-11f0-863f-d850e6e4b1bc
locked     : 2026-02-26T04:12:38
descr      : "Объект БД(yaxunit)"

connection : 00000000-0000-0000-0000-000000000000
session    : efa12b4d-7f83-408d-8a60-6ba38eda3ad6
object     : 00000000-0000-0000-0000-000000000000
locked     : 2026-02-26T04:12:48
descr      : "ИБ(сеанс ,yaxunit,разделяемая)"

connection : e942f0e3-9956-4025-b4aa-49aae1431af8
session    : 00000000-0000-0000-0000-000000000000
object     : 00000000-0000-0000-0000-000000000000
locked     : 2026-02-26T04:12:32
descr      : "ИБ(соединение ,yaxunit,разделяемая)"

connection : 00000000-0000-0000-0000-000000000000
session    : efa12b4d-7f83-408d-8a60-6ba38eda3ad6
object     : 00000000-0000-0000-0000-000000000000
locked     : 2026-02-26T04:12:48
descr      : "БД(сеанс ,yaxunit,разделяемая)"

