connection : 97fa9f69-bc51-4b02-8eed-4b78857f59f9
session    : 00000000-0000-0000-0000-000000000000
object     : 00000000-0000-0000-0000-000000000000
locked     : 2026-02-26T04:12:48
descr      : "ИБ(соединение ,yaxunit,разделяемая)"

connection : 00000000-0000-0000-0000-000000000000
session    : bc9e8fae-32f1-4e90-94cc-4312e65cc07d
object     : 00000000-0000-0000-0000-000000000000
locked     : 2026-02-26T04:12:32
descr      : "Конфигуратор(yaxunit)"

connection : 00000000-0000-0000-0000-000000000000
session    : bc9e8fae-32f1-4e90-94cc-4312e65cc07d
object     : 00000000-0000-0000-0000-000000000000
locked     : 2026-02-26T04:12:32
descr      : "ИБ(сеанс ,yaxunit,разделяемая)"

connection : 00000000-0000-0000-0000-000000000000
session    : bc9e8fae-32f1-4e90-94cc-4312e65cc07d
object     : c5929c60-24f8-11f0-863f-d850e6e4b1bc
locked     : 2026-02-26T04:12:38
descr      : "Объект БД(yaxunit)"

connection : 00000000-0000-0000-0000-000000000000
session    : efa12b4d-7f83-408d-8a60-6ba38eda3ad6
object     : 00000000-0000-0000-0000-000000000000
locked     : 2026-02-26T04:12:48
descr      : "ИБ(сеанс ,yaxunit,разделяемая)"

connection : e942f0e3-9956-4025-b4aa-49aae1431af8
session    : 00000000-0000-0000-0000-000000000000
object     : 00000000-0000-0000-0000-000000000000
locked     : 2026-02-26T04:12:32
descr      : "ИБ(соединение ,yaxunit,разделяемая)"

connection : 00000000-0000-0000-0000-000000000000
session    : efa12b4d-7f83-408d-8a60-6ba38eda3ad6
object     : 00000000-0000-0000-0000-000000000000
locked     : 2026-02-26T04:12:48
descr      : "БД(сеанс ,yaxunit,разделяемая)"

