session                          : bc9e8fae-32f1-4e90-94cc-4312e65cc07d
session-id                       : 1
infobase                         : 717bdda7-2f60-4577-b262-f1fc8c0e472c
connection                       : e942f0e3-9956-4025-b4aa-49aae1431af8
process                          : 0399133a-6d5d-4fb0-9029-d240c8e07763
user-name                        : iadmin
host                             : alko-home
app-id                           : Designer
locale                           : ru_RU
started-at                       : 2026-02-26T04:12:32
last-active-at                   : 2026-02-26T05:15:55
hibernate                        : no
passive-session-hibernate-time   : 1200
hibernate-session-terminate-time : 86400
blocked-by-dbms                  : 0
blocked-by-ls                    : 0
bytes-all                        : 107270
bytes-last-5min                  : 685
calls-all                        : 1328
calls-last-5min                  : 10
dbms-bytes-all                   : 1100697
dbms-bytes-last-5min             : 0
db-proc-info                     : 
db-proc-took                     : 0
db-proc-took-at                  : 
duration-all                     : 486
duration-all-dbms                : 84
duration-current                 : 0
duration-current-dbms            : 0
duration-last-5min               : 17
duration-last-5min-dbms          : 0
memory-current                   : 0
memory-last-5min                 : 414871
memory-total                     : 7164618
read-current                     : 0
read-last-5min                   : 0
read-total                       : 285442
write-current                    : 0
write-last-5min                  : 0
write-total                      : 364376
duration-current-service         : 0
duration-last-5min-service       : 15
duration-all-service             : 188
current-service-name             : 
cpu-time-current                 : 0
cpu-time-last-5min               : 8
cpu-time-total                   : 244
data-separation                  : ''
client-ip                        : 127.0.0.1

session                          : efa12b4d-7f83-408d-8a60-6ba38eda3ad6
session-id                       : 2
infobase                         : 717bdda7-2f60-4577-b262-f1fc8c0e472c
connection                       : 00000000-0000-0000-0000-000000000000
process                          : 00000000-0000-0000-0000-000000000000
user-name                        : iadmin
host                             : alko-home
app-id                           : 1CV8C
locale                           : ru
started-at                       : 2026-02-26T04:12:48
last-active-at                   : 2026-02-26T05:12:49
hibernate                        : no
passive-session-hibernate-time   : 1200
hibernate-session-terminate-time : 86400
blocked-by-dbms                  : 0
blocked-by-ls                    : 0
bytes-all                        : 44898
bytes-last-5min                  : 953
calls-all                        : 63
calls-last-5min                  : 1
dbms-bytes-all                   : 476877
dbms-bytes-last-5min             : 0
db-proc-info                     : 
db-proc-took                     : 0
db-proc-took-at                  : 
duration-all                     : 885
duration-all-dbms                : 128
duration-current                 : 0
duration-current-dbms            : 0
duration-last-5min               : 2
duration-last-5min-dbms          : 0
memory-current                   : 0
memory-last-5min                 : 21329
memory-total                     : 30400022
read-current                     : 0
read-last-5min                   : 0
read-total                       : 919016
write-current                    : 0
write-last-5min                  : 0
write-total                      : 2402363
duration-current-service         : 0
duration-last-5min-service       : 0
duration-all-service             : 8
current-service-name             : 
cpu-time-current                 : 0
cpu-time-last-5min               : 1
cpu-time-total                   : 430
data-separation                  : ''
client-ip                        : 127.0.0.1

