connection : 00000000-0000-0000-0000-000000000000
session    : 00000000-0000-0000-0000-000000000000
object     : 00000000-0000-0000-0000-000000000000
locked     : 2026-02-23T03:28:45
descr      : "Менеджер кластера(alko-home,1541,0)"

connection : 00000000-0000-0000-0000-000000000000
session    : 00000000-0000-0000-0000-000000000000
object     : 00000000-0000-0000-0000-000000000000
locked     : 2026-02-23T04:13:12
descr      : "Рабочий процесс(alko-home,1562,0)"

connection : 4f9ed984-6c96-4668-a804-f3256b3969d8
session    : 00000000-0000-0000-0000-000000000000
object     : 00000000-0000-0000-0000-000000000000
locked     : 2026-02-26T02:55:36
descr      : "Соединение(yaxunit,alko-home,JobScheduler)"

connection : 14a1c6c6-d641-4402-97b5-b0f943f7df92
session    : 00000000-0000-0000-0000-000000000000
object     : 00000000-0000-0000-0000-000000000000
locked     : 2026-02-26T02:55:35
descr      : "Соединение(yaxunit_208CEBE6-D42C-4CDB-B046-5FD40620EF02,alko-home,Designer,(yaxunit,8578))"

connection : 8b7739ee-c6c3-4890-b533-32632987433a
session    : 00000000-0000-0000-0000-000000000000
object     : 00000000-0000-0000-0000-000000000000
locked     : 2026-02-23T04:13:16
descr      : "Соединение(ServerJobExecutorContext,alko-home,AgentStandardCall)"

connection : 928c701d-38e8-4ffd-b817-a7c96bad3af5
session    : 00000000-0000-0000-0000-000000000000
object     : 00000000-0000-0000-0000-000000000000
locked     : 2026-02-26T02:55:49
descr      : "Соединение(yaxunit,alko-home,1CV8C,(yaxunit,8579))"

connection : 00000000-0000-0000-0000-000000000000
session    : 4851f0a9-ed90-4359-bc62-c36b926193c5
object     : 00000000-0000-0000-0000-000000000000
locked     : 2026-02-26T02:55:35
descr      : "ИБ(сеанс ,yaxunit,разделяемая)"

connection : 00000000-0000-0000-0000-000000000000
session    : 4851f0a9-ed90-4359-bc62-c36b926193c5
object     : 00000000-0000-0000-0000-000000000000
locked     : 2026-02-26T02:55:35
descr      : "Конфигуратор(yaxunit)"

connection : 00000000-0000-0000-0000-000000000000
session    : 4851f0a9-ed90-4359-bc62-c36b926193c5
object     : c5929c60-24f8-11f0-863f-d850e6e4b1bc
locked     : 2026-02-26T02:55:45
descr      : "Объект БД(yaxunit)"

connection : 14a1c6c6-d641-4402-97b5-b0f943f7df92
session    : 00000000-0000-0000-0000-000000000000
object     : 00000000-0000-0000-0000-000000000000
locked     : 2026-02-26T02:55:35
descr      : "ИБ(соединение ,yaxunit,разделяемая)"

connection : 928c701d-38e8-4ffd-b817-a7c96bad3af5
session    : 00000000-0000-0000-0000-000000000000
object     : 00000000-0000-0000-0000-000000000000
locked     : 2026-02-26T02:55:49
descr      : "ИБ(соединение ,yaxunit,разделяемая)"

connection : 00000000-0000-0000-0000-000000000000
session    : e08064d4-477e-47d3-a293-18c3b4d45042
object     : 00000000-0000-0000-0000-000000000000
locked     : 2026-02-26T02:55:49
descr      : "ИБ(сеанс ,yaxunit,разделяемая)"

connection : 00000000-0000-0000-0000-000000000000
session    : e08064d4-477e-47d3-a293-18c3b4d45042
object     : 00000000-0000-0000-0000-000000000000
locked     : 2026-02-26T02:55:49
descr      : "БД(сеанс ,yaxunit,разделяемая)"

