connection : 00000000-0000-0000-0000-000000000000
session    : 00000000-0000-0000-0000-000000000000
object     : 00000000-0000-0000-0000-000000000000
locked     : 2026-02-17T19:16:33
descr      : "Менеджер кластера(alko-home,1541,0)"

connection : 00000000-0000-0000-0000-000000000000
session    : 00000000-0000-0000-0000-000000000000
object     : 00000000-0000-0000-0000-000000000000
locked     : 2026-02-17T19:21:24
descr      : "Рабочий процесс(alko-home,1560,0)"

connection : 3a62cf27-5c73-409c-84b2-672ed2374c9a
session    : 00000000-0000-0000-0000-000000000000
object     : 00000000-0000-0000-0000-000000000000
locked     : 2026-02-17T23:44:27
descr      : "Соединение(yaxunit,alko-home,1CV8C,(yaxunit,834))"

connection : 05ef171e-195c-4d6c-a22f-8a828393e058
session    : 00000000-0000-0000-0000-000000000000
object     : 00000000-0000-0000-0000-000000000000
locked     : 2026-02-17T23:44:27
descr      : "Соединение(yaxunit,alko-home,1CV8C)"

connection : 17f07e5a-4991-4aa6-9e4a-b75718fe9c91
session    : 00000000-0000-0000-0000-000000000000
object     : 00000000-0000-0000-0000-000000000000
locked     : 2026-02-17T23:37:24
descr      : "Соединение(yaxunit,alko-home,Designer,(yaxunit,809))"

connection : 1727ac23-8744-42a2-a1bc-eef5c9405046
session    : 00000000-0000-0000-0000-000000000000
object     : 00000000-0000-0000-0000-000000000000
locked     : 2026-02-17T19:21:55
descr      : "Соединение(ServerJobExecutorContext,alko-home,JobScheduler)"

connection : 4c00d9f2-5e89-4ca8-a984-7ab555b72a49
session    : 00000000-0000-0000-0000-000000000000
object     : 00000000-0000-0000-0000-000000000000
locked     : 2026-02-17T19:21:25
descr      : "Соединение(yaxunit,alko-home,JobScheduler)"

connection : ac4c9e67-b3aa-4282-a747-298461c9e4bf
session    : 00000000-0000-0000-0000-000000000000
object     : 00000000-0000-0000-0000-000000000000
locked     : 2026-02-17T23:44:27
descr      : "Соединение(yaxunit,alko-home,1CV8C)"

connection : 523f5dce-f645-4b78-b71a-647b4e3187e2
session    : 00000000-0000-0000-0000-000000000000
object     : 00000000-0000-0000-0000-000000000000
locked     : 2026-02-17T19:21:25
descr      : "Соединение(yaxunit,alko-home,SystemBackgroundJob,(yaxunit,31))"

connection : 7c5c19d5-1400-4bab-ab13-97e4ff1ab358
session    : 00000000-0000-0000-0000-000000000000
object     : 00000000-0000-0000-0000-000000000000
locked     : 2026-02-17T19:21:28
descr      : "Соединение(ServerJobExecutorContext,alko-home,AgentStandardCall)"

connection : c983e21e-271d-4124-8e88-3ab7f53c598d
session    : 00000000-0000-0000-0000-000000000000
object     : 00000000-0000-0000-0000-000000000000
locked     : 2026-02-17T19:21:24
descr      : "Соединение(yaxunit,alko-home,1CV8C,(yaxunit,30))"

connection : 3a62cf27-5c73-409c-84b2-672ed2374c9a
session    : 00000000-0000-0000-0000-000000000000
object     : 00000000-0000-0000-0000-000000000000
locked     : 2026-02-17T23:44:27
descr      : "ИБ(соединение ,yaxunit,разделяемая)"

connection : 523f5dce-f645-4b78-b71a-647b4e3187e2
session    : 00000000-0000-0000-0000-000000000000
object     : 00000000-0000-0000-0000-000000000000
locked     : 2026-02-17T19:21:25
descr      : "ИБ(соединение ,yaxunit,разделяемая)"

connection : 00000000-0000-0000-0000-000000000000
session    : 58790fb4-0a7b-4e8b-a85a-07619a366db4
object     : 00000000-0000-0000-0000-000000000000
locked     : 2026-02-17T19:21:25
descr      : "ИБ(сеанс ,yaxunit,разделяемая)"

connection : 00000000-0000-0000-0000-000000000000
session    : 9a41933a-fd1c-4172-a314-b043fb28c653
object     : 00000000-0000-0000-0000-000000000000
locked     : 2026-02-17T23:37:24
descr      : "Конфигуратор(yaxunit)"

connection : 00000000-0000-0000-0000-000000000000
session    : 9a41933a-fd1c-4172-a314-b043fb28c653
object     : 00000000-0000-0000-0000-000000000000
locked     : 2026-02-17T23:37:24
descr      : "ИБ(сеанс ,yaxunit,разделяемая)"

connection : 00000000-0000-0000-0000-000000000000
session    : 9a41933a-fd1c-4172-a314-b043fb28c653
object     : c5929c60-24f8-11f0-863f-d850e6e4b1bc
locked     : 2026-02-17T23:38:00
descr      : "Объект БД(yaxunit)"

connection : 17f07e5a-4991-4aa6-9e4a-b75718fe9c91
session    : 00000000-0000-0000-0000-000000000000
object     : 00000000-0000-0000-0000-000000000000
locked     : 2026-02-17T23:37:24
descr      : "ИБ(соединение ,yaxunit,разделяемая)"

connection : c983e21e-271d-4124-8e88-3ab7f53c598d
session    : 00000000-0000-0000-0000-000000000000
object     : 00000000-0000-0000-0000-000000000000
locked     : 2026-02-17T19:21:25
descr      : "ИБ(соединение ,yaxunit,разделяемая)"

connection : 00000000-0000-0000-0000-000000000000
session    : df07f50c-86be-4b4f-9316-0d1f831753ba
object     : 00000000-0000-0000-0000-000000000000
locked     : 2026-02-17T23:44:27
descr      : "ИБ(сеанс ,yaxunit,разделяемая)"

connection : 00000000-0000-0000-0000-000000000000
session    : ec158d44-8730-404c-a07f-f49dded7b9cc
object     : 00000000-0000-0000-0000-000000000000
locked     : 2026-02-17T19:18:39
descr      : "ИБ(сеанс ,yaxunit,разделяемая)"

connection : 00000000-0000-0000-0000-000000000000
session    : 58790fb4-0a7b-4e8b-a85a-07619a366db4
object     : 00000000-0000-0000-0000-000000000000
locked     : 2026-02-17T19:21:25
descr      : "БД(сеанс ,yaxunit,разделяемая)"

connection : 00000000-0000-0000-0000-000000000000
session    : df07f50c-86be-4b4f-9316-0d1f831753ba
object     : 00000000-0000-0000-0000-000000000000
locked     : 2026-02-17T23:44:27
descr      : "БД(сеанс ,yaxunit,разделяемая)"

connection : 00000000-0000-0000-0000-000000000000
session    : ec158d44-8730-404c-a07f-f49dded7b9cc
object     : 00000000-0000-0000-0000-000000000000
locked     : 2026-02-17T19:18:47
descr      : "БД(сеанс ,yaxunit,разделяемая)"

