process              : f77f2c1d-1e5b-4855-a0b9-94390ccd4ce5
host                 : alko-home
port                 : 1560
pid                  : 314150
turned-on            : yes
running              : yes
started-at           : 2026-02-14T22:47:19
use                  : used
available-perfomance : 153
capacity             : 1000
connections          : 7
memory-size          : 682224
memory-excess-time   : 0
selection-size       : 21987
avg-call-time        : 4.107
avg-db-call-time     : 0.000
avg-lock-call-time   : 0.000
avg-server-call-time : 4.107
avg-threads          : 1.014
reserve              : no

